# JRE version: OpenJDK Runtime Environment (8.0_151-b12) (build 1.8.0_151-b12)
# Java VM: OpenJDK 64-Bit Server VM (25.151-b12 mixed mode linux-amd64 compressed oops)
Heap:
 PSYoungGen      total 130560K, used 14765K [0x00000000ec400000, 0x00000000f5900000, 0x0000000100000000)
  eden space 115712K, 0% used [0x00000000ec400000,0x00000000ec400000,0x00000000f3500000)
  from space 14848K, 99% used [0x00000000f3500000,0x00000000f436b5c8,0x00000000f4380000)
  to   space 7680K, 0% used [0x00000000f4380000,0x00000000f4380000,0x00000000f4b00000)
 ParOldGen       total 40960K, used 21786K [0x00000000c4c00000, 0x00000000c7400000, 0x00000000ec400000)
  object space 40960K, 53% used [0x00000000c4c00000,0x00000000c6146910,0x00000000c7400000)
 Metaspace       used 20630K, capacity 21188K, committed 21248K, reserved 1069056K
  class space    used 2278K, capacity 2501K, committed 2560K, reserved 1048576K
GC Heap History (10 events):
Event: 0.812 GC heap after
Heap after GC invocations=2 (full 0):
 PSYoungGen      total 33280K, used 2511K [0x00000000ec400000, 0x00000000ee700000, 0x0000000100000000)
  eden space 30720K, 0% used [0x00000000ec400000,0x00000000ec400000,0x00000000ee200000)
  from space 2560K, 98% used [0x00000000ee480000,0x00000000ee6f3c68,0x00000000ee700000)
  to   space 2560K, 0% used [0x00000000ee200000,0x00000000ee200000,0x00000000ee480000)
 ParOldGen       total 40960K, used 639K [0x00000000c4c00000, 0x00000000c7400000, 0x00000000ec400000)
  object space 40960K, 1% used [0x00000000c4c00000,0x00000000c4c9fea8,0x00000000c7400000)
 Metaspace       used 8024K, capacity 8130K, committed 8192K, reserved 1056768K
  class space    used 923K, capacity 985K, committed 1024K, reserved 1048576K
}
Event: 1.390 GC heap before
{Heap before GC invocations=3 (full 0):
 PSYoungGen      total 33280K, used 33231K [0x00000000ec400000, 0x00000000ee700000, 0x0000000100000000)
  eden space 30720K, 100% used [0x00000000ec400000,0x00000000ee200000,0x00000000ee200000)
  from space 2560K, 98% used [0x00000000ee480000,0x00000000ee6f3c68,0x00000000ee700000)
  to   space 2560K, 0% used [0x00000000ee200000,0x00000000ee200000,0x00000000ee480000)
 ParOldGen       total 40960K, used 639K [0x00000000c4c00000, 0x00000000c7400000, 0x00000000ec400000)
  object space 40960K, 1% used [0x00000000c4c00000,0x00000000c4c9fea8,0x00000000c7400000)
 Metaspace       used 13268K, capacity 13496K, committed 13696K, reserved 1060864K
  class space    used 1517K, capacity 1617K, committed 1664K, reserved 1048576K
Event: 1.404 GC heap after
Heap after GC invocations=3 (full 0):
 PSYoungGen      total 33280K, used 2528K [0x00000000ec400000, 0x00000000f0500000, 0x0000000100000000)
  eden space 30720K, 0% used [0x00000000ec400000,0x00000000ec400000,0x00000000ee200000)
  from space 2560K, 98% used [0x00000000ee200000,0x00000000ee478020,0x00000000ee480000)
  to   space 2560K, 0% used [0x00000000f0280000,0x00000000f0280000,0x00000000f0500000)
 ParOldGen       total 40960K, used 5056K [0x00000000c4c00000, 0x00000000c7400000, 0x00000000ec400000)
  object space 40960K, 12% used [0x00000000c4c00000,0x00000000c50f0378,0x00000000c7400000)
 Metaspace       used 13268K, capacity 13496K, committed 13696K, reserved 1060864K
  class space    used 1517K, capacity 1617K, committed 1664K, reserved 1048576K
}
Event: 2.052 GC heap before
{Heap before GC invocations=4 (full 0):
 PSYoungGen      total 33280K, used 33248K [0x00000000ec400000, 0x00000000f0500000, 0x0000000100000000)
  eden space 30720K, 100% used [0x00000000ec400000,0x00000000ee200000,0x00000000ee200000)
  from space 2560K, 98% used [0x00000000ee200000,0x00000000ee478020,0x00000000ee480000)
  to   space 2560K, 0% used [0x00000000f0280000,0x00000000f0280000,0x00000000f0500000)
 ParOldGen       total 40960K, used 5056K [0x00000000c4c00000, 0x00000000c7400000, 0x00000000ec400000)
  object space 40960K, 12% used [0x00000000c4c00000,0x00000000c50f0378,0x00000000c7400000)
 Metaspace       used 14354K, capacity 14654K, committed 14848K, reserved 1062912K
  class space    used 1642K, capacity 1725K, committed 1792K, reserved 1048576K
Event: 2.078 GC heap after
Heap after GC invocations=4 (full 0):
 PSYoungGen      total 64000K, used 2544K [0x00000000ec400000, 0x00000000f0500000, 0x0000000100000000)
  eden space 61440K, 0% used [0x00000000ec400000,0x00000000ec400000,0x00000000f0000000)
  from space 2560K, 99% used [0x00000000f0280000,0x00000000f04fc010,0x00000000f0500000)
  to   space 2560K, 0% used [0x00000000f0000000,0x00000000f0000000,0x00000000f0280000)
 ParOldGen       total 40960K, used 7818K [0x00000000c4c00000, 0x00000000c7400000, 0x00000000ec400000)
  object space 40960K, 19% used [0x00000000c4c00000,0x00000000c53a2908,0x00000000c7400000)
 Metaspace       used 14354K, capacity 14654K, committed 14848K, reserved 1062912K
  class space    used 1642K, capacity 1725K, committed 1792K, reserved 1048576K
}
Event: 2.741 GC heap before
{Heap before GC invocations=5 (full 0):
 PSYoungGen      total 64000K, used 63984K [0x00000000ec400000, 0x00000000f0500000, 0x0000000100000000)
  eden space 61440K, 100% used [0x00000000ec400000,0x00000000f0000000,0x00000000f0000000)
  from space 2560K, 99% used [0x00000000f0280000,0x00000000f04fc010,0x00000000f0500000)
  to   space 2560K, 0% used [0x00000000f0000000,0x00000000f0000000,0x00000000f0280000)
 ParOldGen       total 40960K, used 7818K [0x00000000c4c00000, 0x00000000c7400000, 0x00000000ec400000)
  object space 40960K, 19% used [0x00000000c4c00000,0x00000000c53a2908,0x00000000c7400000)
 Metaspace       used 15164K, capacity 15572K, committed 15744K, reserved 1062912K
  class space    used 1696K, capacity 1841K, committed 1920K, reserved 1048576K
Event: 2.875 GC heap after
Heap after GC invocations=5 (full 0):
 PSYoungGen      total 64000K, used 2528K [0x00000000ec400000, 0x00000000f4b00000, 0x0000000100000000)
  eden space 61440K, 0% used [0x00000000ec400000,0x00000000ec400000,0x00000000f0000000)
  from space 2560K, 98% used [0x00000000f0000000,0x00000000f0278020,0x00000000f0280000)
  to   space 7680K, 0% used [0x00000000f4380000,0x00000000f4380000,0x00000000f4b00000)
 ParOldGen       total 40960K, used 10366K [0x00000000c4c00000, 0x00000000c7400000, 0x00000000ec400000)
  object space 40960K, 25% used [0x00000000c4c00000,0x00000000c561fac0,0x00000000c7400000)
 Metaspace       used 15164K, capacity 15572K, committed 15744K, reserved 1062912K
  class space    used 1696K, capacity 1841K, committed 1920K, reserved 1048576K
}
Event: 4.738 GC heap before
{Heap before GC invocations=6 (full 0):
 PSYoungGen      total 64000K, used 63968K [0x00000000ec400000, 0x00000000f4b00000, 0x0000000100000000)
  eden space 61440K, 100% used [0x00000000ec400000,0x00000000f0000000,0x00000000f0000000)
  from space 2560K, 98% used [0x00000000f0000000,0x00000000f0278020,0x00000000f0280000)
  to   space 7680K, 0% used [0x00000000f4380000,0x00000000f4380000,0x00000000f4b00000)
 ParOldGen       total 40960K, used 10366K [0x00000000c4c00000, 0x00000000c7400000, 0x00000000ec400000)
  object space 40960K, 25% used [0x00000000c4c00000,0x00000000c561fac0,0x00000000c7400000)
 Metaspace       used 19679K, capacity 20160K, committed 20352K, reserved 1067008K
  class space    used 2215K, capacity 2393K, committed 2432K, reserved 1048576K
Event: 4.802 GC heap after
Heap after GC invocations=6 (full 0):
 PSYoungGen      total 123392K, used 7656K [0x00000000ec400000, 0x00000000f5900000, 0x0000000100000000)
  eden space 115712K, 0% used [0x00000000ec400000,0x00000000ec400000,0x00000000f3500000)
  from space 7680K, 99% used [0x00000000f4380000,0x00000000f4afa308,0x00000000f4b00000)
  to   space 14848K, 0% used [0x00000000f3500000,0x00000000f3500000,0x00000000f4380000)
 ParOldGen       total 40960K, used 21370K [0x00000000c4c00000, 0x00000000c7400000, 0x00000000ec400000)
  object space 40960K, 52% used [0x00000000c4c00000,0x00000000c60de8c0,0x00000000c7400000)
 Metaspace       used 19679K, capacity 20160K, committed 20352K, reserved 1067008K
  class space    used 2215K, capacity 2393K, committed 2432K, reserved 1048576K
}
Event: 5.984 GC heap before
{Heap before GC invocations=7 (full 0):
 PSYoungGen      total 123392K, used 43477K [0x00000000ec400000, 0x00000000f5900000, 0x0000000100000000)
  eden space 115712K, 30% used [0x00000000ec400000,0x00000000ee6fb120,0x00000000f3500000)
  from space 7680K, 99% used [0x00000000f4380000,0x00000000f4afa308,0x00000000f4b00000)
  to   space 14848K, 0% used [0x00000000f3500000,0x00000000f3500000,0x00000000f4380000)
 ParOldGen       total 40960K, used 21370K [0x00000000c4c00000, 0x00000000c7400000, 0x00000000ec400000)
  object space 40960K, 52% used [0x00000000c4c00000,0x00000000c60de8c0,0x00000000c7400000)
 Metaspace       used 20630K, capacity 21188K, committed 21248K, reserved 1069056K
  class space    used 2278K, capacity 2501K, committed 2560K, reserved 1048576K

